16/10/2018 23:21:22 devpinoyLogger Config file loaded
16/10/2018 23:21:22 devpinoyLogger Object file loaded
16/10/2018 23:21:23 devpinoyLogger Excel path loaded
16/10/2018 23:21:26 devpinoyLogger loaded Chrome
16/10/2018 23:21:27 devpinoyLogger Window get maximized successfully
16/10/2018 23:21:33 devpinoyLogger Browser has been launched
16/10/2018 23:21:36 devpinoyLogger Username given successfully
16/10/2018 23:21:36 devpinoyLogger password added successfully
16/10/2018 23:21:43 devpinoyLogger Click on login button successfully
16/10/2018 23:21:46 devpinoyLogger Click on profile successfully
16/10/2018 23:21:48 devpinoyLogger Timeline displayed successfully
16/10/2018 23:21:48 devpinoyLogger About displayed successfully
16/10/2018 23:21:49 devpinoyLogger Friends displayed successfully
16/10/2018 23:21:50 devpinoyLogger Photos displayed successfully
16/10/2018 23:21:50 devpinoyLogger Archive displayed successfully
16/10/2018 23:21:50 devpinoyLogger More displayed successfully
16/10/2018 23:21:50 devpinoyLogger Intro displayed successfully
16/10/2018 23:21:50 devpinoyLogger TimeLine link is present
16/10/2018 23:21:50 devpinoyLogger List View is displayed
16/10/2018 23:21:50 devpinoyLogger Grid View is displayed
16/10/2018 23:21:50 devpinoyLogger Click on About successfully
16/10/2018 23:21:51 devpinoyLogger About Link is visible
16/10/2018 23:21:51 devpinoyLogger Overview Link is visible
16/10/2018 23:21:51 devpinoyLogger Mobile Number is visible
16/10/2018 23:22:21 devpinoyLogger Click on Navigation successfully
16/10/2018 23:22:25 devpinoyLogger Click on logout successfully
